mode: set
C:\Users\zyh\go\CryptographyEXP\exp3\exp3.go:15.50,24.34 7 1
C:\Users\zyh\go\CryptographyEXP\exp3\exp3.go:27.2,28.65 2 1
C:\Users\zyh\go\CryptographyEXP\exp3\exp3.go:36.2,36.38 1 1
C:\Users\zyh\go\CryptographyEXP\exp3\exp3.go:24.34,26.3 1 0
C:\Users\zyh\go\CryptographyEXP\exp3\exp3.go:28.65,30.27 1 1
C:\Users\zyh\go\CryptographyEXP\exp3\exp3.go:33.3,34.61 2 1
C:\Users\zyh\go\CryptographyEXP\exp3\exp3.go:30.27,32.4 1 1
C:\Users\zyh\go\CryptographyEXP\exp3\exp3.go:39.50,45.73 6 1
C:\Users\zyh\go\CryptographyEXP\exp3\exp3.go:52.2,52.42 1 1
C:\Users\zyh\go\CryptographyEXP\exp3\exp3.go:45.73,47.27 2 1
C:\Users\zyh\go\CryptographyEXP\exp3\exp3.go:50.3,50.49 1 1
C:\Users\zyh\go\CryptographyEXP\exp3\exp3.go:47.27,49.4 1 1
C:\Users\zyh\go\CryptographyEXP\exp3\exp3.go:55.51,63.34 6 1
C:\Users\zyh\go\CryptographyEXP\exp3\exp3.go:66.2,67.67 2 1
C:\Users\zyh\go\CryptographyEXP\exp3\exp3.go:75.2,75.38 1 1
C:\Users\zyh\go\CryptographyEXP\exp3\exp3.go:63.34,65.3 1 0
C:\Users\zyh\go\CryptographyEXP\exp3\exp3.go:67.67,70.47 3 1
C:\Users\zyh\go\CryptographyEXP\exp3\exp3.go:73.3,73.14 1 1
C:\Users\zyh\go\CryptographyEXP\exp3\exp3.go:70.47,72.4 1 1
C:\Users\zyh\go\CryptographyEXP\exp3\exp3.go:77.50,83.75 6 1
C:\Users\zyh\go\CryptographyEXP\exp3\exp3.go:91.2,91.26 1 1
C:\Users\zyh\go\CryptographyEXP\exp3\exp3.go:83.75,86.47 3 1
C:\Users\zyh\go\CryptographyEXP\exp3\exp3.go:89.3,89.14 1 1
C:\Users\zyh\go\CryptographyEXP\exp3\exp3.go:86.47,88.4 1 1
C:\Users\zyh\go\CryptographyEXP\exp3\exp3.go:99.40,105.2 5 1
C:\Users\zyh\go\CryptographyEXP\exp3\exp3.go:106.42,108.2 1 1
C:\Users\zyh\go\CryptographyEXP\exp3\exp3.go:109.24,110.28 1 1
C:\Users\zyh\go\CryptographyEXP\exp3\exp3.go:119.2,119.8 1 0
C:\Users\zyh\go\CryptographyEXP\exp3\exp3.go:110.28,111.16 1 1
C:\Users\zyh\go\CryptographyEXP\exp3\exp3.go:111.16,114.4 2 1
C:\Users\zyh\go\CryptographyEXP\exp3\exp3.go:114.8,116.4 1 0
